<?xml version="1.0" encoding="UTF-8"?>
<!-- Generated by org.testng.reporters.JUnitXMLReporter -->
<testsuite hostname="PB9G11M-LT" ignored="0" name="Default test" tests="3" failures="0" timestamp="2020-04-05T08:27:57 PDT" time="32.333" errors="0">
  <testcase name="TC_verifyHomePageNextLandingTest" time="3.072" classname="com.xero.TestCases.TestXeroHomePage2"/>
  <testcase name="TC_verifyHomePageTitleTest" time="0.554" classname="com.xero.TestCases.TestXeroHomePage2"/>
  <testcase name="TC_verifyHomePageXeroImgTest" time="1.556" classname="com.xero.TestCases.TestXeroHomePage2"/>
</testsuite> <!-- Default test -->
